<?xml version="1.0" encoding="UTF-8"?>
<testsuite xmlns:xsi="http://www.w3.org/2001/XMLSchema-instance" xsi:noNamespaceSchemaLocation="https://maven.apache.org/surefire/maven-surefire-plugin/xsd/surefire-test-report-3.0.xsd" version="3.0" name="com.naukri.runners.TestRunner" time="24.444" tests="1" errors="0" skipped="0" failures="0">
  <properties>
[...]
</properties>
  <testcase name="runScenario[&quot;Login to Naukri and manage resume&quot;, &quot;Naukri Login and Resume Management&quot;](1)" classname="com.naukri.runners.TestRunner" time="23.203">
    <system-out><![CDATA[
Scenario: Login to Naukri and manage resume                     # src/test/resources/features/Login.feature:3
2025-06-14T13:07:06.633572100Z main ERROR Log4j API could not find a logging provider.
DEBUG: Username from Excel: d.chakraborty1198@gmail.com
DEBUG: Password from Excel: Naukri@136
  Given I have the Naukri login credentials from the Excel file # com.naukri.stepdefinitions.LoginSteps.i_have_the_naukri_login_credentials()
  And I open the Naukri login page                              # com.naukri.stepdefinitions.LoginSteps.i_open_the_naukri_login_page()
  When I enter my credentials and login                         # com.naukri.stepdefinitions.LoginSteps.i_enter_my_credentials_and_login()
  Then I close the browser                                      # com.naukri.stepdefinitions.LoginSteps.i_close_the_browser()
]]></system-out>
    <system-err><![CDATA[SLF4J: No SLF4J providers were found.
SLF4J: Defaulting to no-operation (NOP) logger implementation
SLF4J: See https://www.slf4j.org/codes.html#noProviders for further details.
Jun 14, 2025 6:37:09 PM org.openqa.selenium.devtools.CdpVersionFinder findNearestMatch
WARNING: Unable to find an exact match for CDP version 137, returning the closest version; found: 136; Please update to a Selenium version that supports CDP version 137
]]></system-err>
  </testcase>
</testsuite>