<?xml version="1.0" encoding="UTF-8"?>
<testng-results ignored="0" total="1" passed="1" failed="0" skipped="0">
  <reporter-output>
  </reporter-output>
  <suite started-at="2025-06-14T18:37:05 IST" name="Surefire suite" finished-at="2025-06-14T18:37:29 IST" duration-ms="23926">
    <groups>
      <group name="cucumber">
        <method signature="AbstractTestNGCucumberTests.runScenario(io.cucumber.testng.PickleWrapper,io.cucumber.testng.FeatureWrapper)[pri:0, instance:com.naukri.runners.TestRunner@15eb5ee5]" name="runScenario" class="io.cucumber.testng.AbstractTestNGCucumberTests"/>
      </group> <!-- cucumber -->
    </groups>
    <test started-at="2025-06-14T18:37:05 IST" name="Surefire test" finished-at="2025-06-14T18:37:29 IST" duration-ms="23926">
      <class name="com.naukri.runners.TestRunner">
        <test-method is-config="true" signature="setUpClass(org.testng.ITestContext)[pri:0, instance:com.naukri.runners.TestRunner@15eb5ee5]" started-at="2025-06-14T18:37:05 IST" name="setUpClass" finished-at="2025-06-14T18:37:06 IST" duration-ms="629" status="PASS">
          <params>
            <param index="0">
              <value>
                <![CDATA[org.testng.TestRunner@6cd64b3f]]>
              </value>
            </param>
          </params>
          <reporter-output>
          </reporter-output>
        </test-method> <!-- setUpClass -->
        <test-method signature="runScenario(io.cucumber.testng.PickleWrapper,io.cucumber.testng.FeatureWrapper)[pri:0, instance:com.naukri.runners.TestRunner@15eb5ee5]" started-at="2025-06-14T18:37:06 IST" name="runScenario" description="Runs Cucumber Scenarios" data-provider="scenarios" finished-at="2025-06-14T18:37:29 IST" duration-ms="23202" status="PASS">
          <params>
            <param index="0">
              <value>
                <![CDATA["Login to Naukri and manage resume"]]>
              </value>
            </param>
            <param index="1">
              <value>
                <![CDATA["Naukri Login and Resume Management"]]>
              </value>
            </param>
          </params>
          <reporter-output>
          </reporter-output>
        </test-method> <!-- runScenario -->
        <test-method is-config="true" signature="tearDownClass()[pri:0, instance:com.naukri.runners.TestRunner@15eb5ee5]" started-at="2025-06-14T18:37:29 IST" name="tearDownClass" finished-at="2025-06-14T18:37:29 IST" duration-ms="48" status="PASS">
          <reporter-output>
          </reporter-output>
        </test-method> <!-- tearDownClass -->
      </class> <!-- com.naukri.runners.TestRunner -->
    </test> <!-- Surefire test -->
  </suite> <!-- Surefire suite -->
</testng-results>
